     1                                  ; hello-os
     2                                  ; TAB=4
     3                                  
     4                                          ORG     0x7c00          ; このプログラムがメモリ上のどこによみこまれるのか
     5                                  
     6                                  ; ディスクのための記述
     7                                  ;                                                   offset  byte
     8 00000000 EB4E                            JMP     entry           ; BS_JmpBoot        0
     9 00000002 90                              DB      0x90            ; BS_JmpBoot                1
    10 00000003 48454C4C4F49504C                DB      "HELLOIPL"      ; BS_OEMName        3       8
    11 0000000B 0002                            DW      512             ; BPB_BytsPerSec    11      2 : バイト単位のセクタ サイズ
    12 0000000D 01                              DB      1               ; BPB_SecPerClus    13      1 : アロケーション ユニット(<-クラスタ)(割り当て単位)当たりのセクタ数
    13 0000000E 0100                            DW      1               ; BPB_RsvdSecCnt    14      2 : 予約領域のセクタ数 (少なくともこのBPBを含むブートセクタそれ自身が存在するため、0であってはならない)
    14 00000010 02                              DB      2               ; BPB_NumFATs       16      1 : FATの個数 (このフィールドの値は常に2に設定すべきである)
    15 00000011 E000                            DW      224             ; BPB_RootEntCnt    17      2 : ルートディレクトリに含まれるディレクトリエントリの数を示す
    16 00000013 400B                            DW      2880            ; BPB_TotSec16      19      2 : ボリュームの総セクタ数(古い16ビット フィールド)
    17 00000015 F0                              DB      0xf0            ; BPB_Media         21      1 : メディアタイプ(区画分けされた固定ディスク ドライブでは0xF8が標準値である。区画分けされないリムーバブル 
    18 00000016 0900                            DW      9               ; BPB_FATSz16       22      2 : 1個のFATが占めるセクタ数
    19 00000018 1200                            DW      18              ; BPB_SecPerTrk     24      2 : トラック当たりのセクタ数
    20 0000001A 0200                            DW      2               ; BPB_NumHeads      26      2 : ヘッドの数
    21 0000001C 00000000                        DD      0               ; BPB_HiddSec       28      4 : ストレージ上でこのボリュームの手前に存在する隠れた物理セクタの数(ボリュームがストレージの先頭から始ま
    22 00000020 400B0000                        DD      2880            ; BPB_TotSec32      32      4 : ボリュームの総セクタ数(新しい32ビット フィールド)
    23                                  
    24                                  
    25                                  ; FAT12/16におけるオフセット36以降のフィールド
    26                                          ;DB      0, 0, 0x29      ; 以下の３行に分けて記述
    27 00000024 00                              DB      0x00            ; BS_DrvNum         36      1
    28 00000025 00                              DB      0x00            ; BS_Reserved1      37      1
    29 00000026 29                              DB      0x29            ; BS_BootSig        38      1
    30                                  
    31 00000027 FFFFFFFF                        DD      0xffffffff      ; BS_VolID          39      4 : ボリュームシリアル番号
    32 0000002B 48454C4C4F2D4F5320-             DB      "HELLO-OS   "   ; BS_VolLab         43      11 : ディスクの名前(ルート ディレクトリに記録される11バイトのボリューム ラベルに一致する)
    32 00000034 2020               
    33 00000036 4641543132202020                DB      "FAT12   "      ; BS_FilSysType     54      8 : フォーマットの名前
    34 0000003E <res 00000012>                  RESB    18              ; とりあえず18バイト開けておく
    34          ******************       warning: uninitialized space declared in .text section: zeroing
    35                                  
    36                                  ; START BS_BootCode                                 64      448
    37                                  ; (ブートストラップ プログラム。システム依存フィールドで、未使用時はゼロで埋める。)
    38                                  entry:
    39 00000050 B80000                          MOV     AX, 0            ; レジスタの初期化
    40 00000053 8ED0                            MOV     SS, AX
    41 00000055 BC007C                          MOV     SP, 0x7c00
    42 00000058 8ED8                            MOV     DS, AX
    43 0000005A 8EC0                            MOV     ES, AX
    44                                  
    45 0000005C BE[8F00]                        MOV     SI, msg
    46                                  
    47                                  ; load disk
    48 0000005F B82008                          MOV     AX, 0x0820
    49 00000062 8EC0                            MOV     ES, AX          ; extra segment :  buffer address       0x0820
    50 00000064 B500                            MOV     CH, 0           ; counter high  : cylinder  0
    51 00000066 B600                            MOV     DH, 0           ; data high     : head      0
    52 00000068 B102                            MOV     CL, 2           ; counter low   : sector    2
    53                                  
    54 0000006A B402                            MOV     AH, 0x02        ; acumulator high   : read disk
    55 0000006C B001                            MOV     AL, 1           ; acumulator low    : sector    1
    56 0000006E BB0000                          MOV     BX, 0           ; base              : buffer address    0x0000
    57 00000071 B200                            MOV     DL, 0x00        ; data low          : drive number
    58 00000073 CD13                            INT     0x13            ; BIOS call
    59 00000075 7203                            JC      error           ; CARRY FLAG
    60                                  
    61                                  fin:
    62 00000077 F4                              HLT
    63 00000078 EBFD                            JMP     fin
    64                                  
    65                                  error:
    66 0000007A BE[8F00]                        MOV     SI, msg
    67                                  
    68                                  putloop:
    69 0000007D 8A04                            MOV     AL, [SI]        ; BYTE (accumulator low)
    70 0000007F 83C601                          ADD     SI, 1           ; increment
    71 00000082 3C00                            CMP     AL, 0           ; 終了条件
    72 00000084 74F1                            JE      fin             ; jump to fin if equal to 0
    73                                  
    74 00000086 B40E                            MOV     AH, 0x0e
    75 00000088 BB0F00                          MOV     BX, 15
    76 0000008B CD10                            INT     0x10            ; interrupt BIOS
    77 0000008D EBEE                            JMP     putloop
    78                                  
    79                                  msg:
    80 0000008F 0A0A                            DB      0x0a, 0x0a
    81 00000091 68656C6C6F2C20776F-             DB      "hello, world"
    81 0000009A 726C64             
    82 0000009D 0A                              DB      0x0a
    83 0000009E 00                              DB      0               ; end msg
    84                                  
    85                                          ;RESB    0x7dfe-($-$$)  ; これだとエラーが出た。。。
    86 0000009F <res 0000015F>                  RESB    0x7dfe-0x7c00-($-$$)    ; 現在の場所から0x1fdまで(残りの未使用領域)を0で埋める。
    86          ******************       warning: uninitialized space declared in .text section: zeroing
    87                                  ; END BS_BootCode
    88                                  
    89 000001FE 55AA                            DB      0x55, 0xaa      ; BS_BootSign       510     2 : 以下の記述と同様
    90                                          ;DW      0xAA55
